Using pre-set license
Built from '2020.3/staging' branch; Version is '2020.3.5f1 (8095aa901b9b) revision 8426922'; Using compiler version '192528614'; Build Type 'Release'
OS: 'Windows 10 Home; OS build 19043.1766; Version 2009; 64bit' Language: 'en' Physical Memory: 32613 MB
BatchMode: 1, IsHumanControllingUs: 0, StartBugReporterOnCrash: 0, Is64bit: 1, IsPro: 0

 COMMAND LINE ARGUMENTS:
C:\Program Files\Unity\Hub\Editor\2020.3.5f1\Editor\Unity.exe
-adb2
-batchMode
-noUpm
-name
AssetImportWorker0
-projectPath
C:/Users/nicog/Desktop/Space Game Documentation/Space Game Builds/Extractions/5-10-22/bam-kazam-space-game-main/Bam Kazam Space Game
-logFile
Logs/AssetImportWorker0.log
-srvPort
1027
Successfully changed project path to: C:/Users/nicog/Desktop/Space Game Documentation/Space Game Builds/Extractions/5-10-22/bam-kazam-space-game-main/Bam Kazam Space Game
C:/Users/nicog/Desktop/Space Game Documentation/Space Game Builds/Extractions/5-10-22/bam-kazam-space-game-main/Bam Kazam Space Game
Using Asset Import Pipeline V2.
Refreshing native plugins compatible for Editor in 29.26 ms, found 0 plugins.
Preloading 0 native plugins for Editor in 0.00 ms.
Initialize engine version: 2020.3.5f1 (8095aa901b9b)
[Subsystems] Discovering subsystems at path C:/Program Files/Unity/Hub/Editor/2020.3.5f1/Editor/Data/Resources/UnitySubsystems
[Subsystems] Discovering subsystems at path C:/Users/nicog/Desktop/Space Game Documentation/Space Game Builds/Extractions/5-10-22/bam-kazam-space-game-main/Bam Kazam Space Game/Assets
GfxDevice: creating device client; threaded=0
Direct3D:
    Version:  Direct3D 11.0 [level 11.1]
    Renderer: NVIDIA GeForce RTX 2060 (ID=0x1f11)
    Vendor:   
    VRAM:     5980 MB
    Driver:   30.0.15.1215
Initialize mono
Mono path[0] = 'C:/Program Files/Unity/Hub/Editor/2020.3.5f1/Editor/Data/Managed'
Mono path[1] = 'C:/Program Files/Unity/Hub/Editor/2020.3.5f1/Editor/Data/MonoBleedingEdge/lib/mono/unityjit'
Mono config path = 'C:/Program Files/Unity/Hub/Editor/2020.3.5f1/Editor/Data/MonoBleedingEdge/etc'
Using monoOptions --debugger-agent=transport=dt_socket,embedding=1,server=y,suspend=n,address=127.0.0.1:56056
Begin MonoManager ReloadAssembly
Registering precompiled unity dll's ...
Register platform support module: C:/Program Files/Unity/Hub/Editor/2020.3.5f1/Editor/Data/PlaybackEngines/MacStandaloneSupport/UnityEditor.OSXStandalone.Extensions.dll
Register platform support module: C:/Program Files/Unity/Hub/Editor/2020.3.5f1/Editor/Data/PlaybackEngines/WindowsStandaloneSupport/UnityEditor.WindowsStandalone.Extensions.dll
Registered in 0.002335 seconds.
Native extension for WindowsStandalone target not found
Native extension for OSXStandalone target not found
Refreshing native plugins compatible for Editor in 28.77 ms, found 0 plugins.
Preloading 0 native plugins for Editor in 0.00 ms.
Mono: successfully reloaded assembly
- Completed reload, in  1.748 seconds
Platform modules already initialized, skipping
Registering precompiled user dll's ...
Registered in 0.001133 seconds.
Begin MonoManager ReloadAssembly
Native extension for WindowsStandalone target not found
Native extension for OSXStandalone target not found
Refreshing native plugins compatible for Editor in 0.26 ms, found 0 plugins.
Preloading 0 native plugins for Editor in 0.00 ms.
Mono: successfully reloaded assembly
- Completed reload, in  0.810 seconds
Platform modules already initialized, skipping
========================================================================
Worker process is ready to serve import requests
Launched and connected shader compiler UnityShaderCompiler.exe after 0.03 seconds
Refreshing native plugins compatible for Editor in 0.24 ms, found 0 plugins.
Preloading 0 native plugins for Editor in 0.00 ms.
Unloading 1279 Unused Serialized files (Serialized files now loaded: 0)
System memory in use before: 63.1 MB.
System memory in use after: 63.1 MB.

Unloading 12 unused Assets to reduce memory usage. Loaded Objects now: 1721.
Total: 1.525300 ms (FindLiveObjects: 0.139200 ms CreateObjectMapping: 0.042700 ms MarkObjects: 1.290500 ms  DeleteObjects: 0.052200 ms)

========================================================================
Received Import Request.
  path: Assets/Scripts/Classes/Settings.cs
  artifactKey: Guid(8475d609cc2775546858015c8474b6bc) Importer(815301076,1909f56bfc062723c751e8b465ee728b)
Start importing Assets/Scripts/Classes/Settings.cs using Guid(8475d609cc2775546858015c8474b6bc) Importer(815301076,1909f56bfc062723c751e8b465ee728b)  -> (artifact id: '0ed5b281056c0ea5a2ddf5af86fff99d') in 0.023230 seconds
  Import took 0.025546 seconds .

========================================================================
Received Import Request.
  Time since last request: 4.656889 seconds.
  path: Assets/Scripts/Classes
  artifactKey: Guid(952582df27932e74ea319be1b7c5a655) Importer(815301076,1909f56bfc062723c751e8b465ee728b)
Start importing Assets/Scripts/Classes using Guid(952582df27932e74ea319be1b7c5a655) Importer(815301076,1909f56bfc062723c751e8b465ee728b)  -> (artifact id: '56fcd1013f0fcf389db55ae20d4ad718') in 0.007853 seconds
  Import took 0.010344 seconds .

========================================================================
Received Import Request.
  Time since last request: 53.707656 seconds.
  path: Assets/StreamingAssets
  artifactKey: Guid(c5082c96b322a4f4cac232d65110f5a7) Importer(815301076,1909f56bfc062723c751e8b465ee728b)
Start importing Assets/StreamingAssets using Guid(c5082c96b322a4f4cac232d65110f5a7) Importer(815301076,1909f56bfc062723c751e8b465ee728b)  -> (artifact id: '88e9333283ff780fda31ca7c5f0028d8') in 0.020801 seconds
  Import took 0.027412 seconds .

AssetImportWorkerClient::OnTransportError - code=2 error=End of file
